Determining if the pthread_create exist failed with the following output:
Change Dir: /home/pawan/catkin_ws/build/CMakeFiles/CMakeTmp

Run Build Command:"/usr/bin/make" "cmTC_45abd/fast"
/usr/bin/make -f CMakeFiles/cmTC_45abd.dir/build.make CMakeFiles/cmTC_45abd.dir/build
make[1]: Entering directory '/home/pawan/catkin_ws/build/CMakeFiles/CMakeTmp'
Building C object CMakeFiles/cmTC_45abd.dir/CheckSymbolExists.c.o
/usr/bin/cc     -o CMakeFiles/cmTC_45abd.dir/CheckSymbolExists.c.o   -c /home/pawan/catkin_ws/build/CMakeFiles/CMakeTmp/CheckSymbolExists.c
Linking C executable cmTC_45abd
/usr/bin/cmake -E cmake_link_script CMakeFiles/cmTC_45abd.dir/link.txt --verbose=1
/usr/bin/cc       CMakeFiles/cmTC_45abd.dir/CheckSymbolExists.c.o  -o cmTC_45abd -rdynamic 
CMakeFiles/cmTC_45abd.dir/CheckSymbolExists.c.o: In function `main':
CheckSymbolExists.c:(.text+0xa): undefined reference to `pthread_create'
collect2: error: ld returned 1 exit status
CMakeFiles/cmTC_45abd.dir/build.make:97: recipe for target 'cmTC_45abd' failed
make[1]: *** [cmTC_45abd] Error 1
make[1]: Leaving directory '/home/pawan/catkin_ws/build/CMakeFiles/CMakeTmp'
Makefile:126: recipe for target 'cmTC_45abd/fast' failed
make: *** [cmTC_45abd/fast] Error 2

File /home/pawan/catkin_ws/build/CMakeFiles/CMakeTmp/CheckSymbolExists.c:
/* */
#include <pthread.h>

int main(int argc, char** argv)
{
  (void)argv;
#ifndef pthread_create
  return ((int*)(&pthread_create))[argc];
#else
  (void)argc;
  return 0;
#endif
}

Determining if the function pthread_create exists in the pthreads failed with the following output:
Change Dir: /home/pawan/catkin_ws/build/CMakeFiles/CMakeTmp

Run Build Command:"/usr/bin/make" "cmTC_2042a/fast"
/usr/bin/make -f CMakeFiles/cmTC_2042a.dir/build.make CMakeFiles/cmTC_2042a.dir/build
make[1]: Entering directory '/home/pawan/catkin_ws/build/CMakeFiles/CMakeTmp'
Building C object CMakeFiles/cmTC_2042a.dir/CheckFunctionExists.c.o
/usr/bin/cc    -DCHECK_FUNCTION_EXISTS=pthread_create   -o CMakeFiles/cmTC_2042a.dir/CheckFunctionExists.c.o   -c /usr/share/cmake-3.5/Modules/CheckFunctionExists.c
Linking C executable cmTC_2042a
/usr/bin/cmake -E cmake_link_script CMakeFiles/cmTC_2042a.dir/link.txt --verbose=1
/usr/bin/cc   -DCHECK_FUNCTION_EXISTS=pthread_create    CMakeFiles/cmTC_2042a.dir/CheckFunctionExists.c.o  -o cmTC_2042a -rdynamic -lpthreads 
/usr/bin/ld: cannot find -lpthreads
collect2: error: ld returned 1 exit status
CMakeFiles/cmTC_2042a.dir/build.make:97: recipe for target 'cmTC_2042a' failed
make[1]: *** [cmTC_2042a] Error 1
make[1]: Leaving directory '/home/pawan/catkin_ws/build/CMakeFiles/CMakeTmp'
Makefile:126: recipe for target 'cmTC_2042a/fast' failed
make: *** [cmTC_2042a/fast] Error 2


